-------------------------------------------------------------------------------
Test set: runners.Runner
-------------------------------------------------------------------------------
Tests run: 1, Failures: 0, Errors: 1, Skipped: 0, Time elapsed: 0.113 s <<< FAILURE! - in runners.Runner
initializationError(runners.Runner)  Time elapsed: 0.009 s  <<< ERROR!
java.lang.IllegalArgumentException: Not a file or directory: /Users/shekerhakberdiyeva/IdeaProjects/cucumber_first_project/â€”tags

